

*******************************************************************************
Tue May 28 15:34:03 2024


FIT:    data read from "output.csv" using 1:3
        format = x:z
        #datapoints = 10
        residuals are weighted equally (unit weight)

function used for fitting: f(x)
	f(x) = a*x+b
fitted parameters initialized with current variable values

iter      chisq       delta/lim  lambda   a             b            
   0 9.9575597082e+11   0.00e+00  4.39e+05    1.000000e+00   1.000000e+00
   3 6.8698341466e+10  -7.01e-03  4.39e+02    5.092922e-01   9.893389e-01

After 3 iterations the fit converged.
final sum of squares of residuals : 6.86983e+10
rel. change during last iteration : -7.00631e-08

degrees of freedom    (FIT_NDF)                        : 8
rms of residuals      (FIT_STDFIT) = sqrt(WSSR/ndf)    : 92667.6
variance of residuals (reduced chisquare) = WSSR/ndf   : 8.58729e+09

Final set of parameters            Asymptotic Standard Error
=======================            ==========================
a               = 0.509292         +/- 0.102        (20.03%)
b               = 0.989339         +/- 6.33e+04     (6.399e+06%)

correlation matrix of the fit parameters:
                a      b      
a               1.000 
b              -0.886  1.000 


*******************************************************************************
Tue May 28 15:34:27 2024


FIT:    data read from "output.csv" using 1:4
        format = x:z
        #datapoints = 10
        residuals are weighted equally (unit weight)

function used for fitting: g(x)
	g(x) = c*x+d
fitted parameters initialized with current variable values

iter      chisq       delta/lim  lambda   c             d            
   0 2.5757728980e+12   0.00e+00  4.39e+05    1.000000e+00   1.000000e+00
   3 1.1818000643e+09  -1.28e-01  4.39e+02    1.822439e-01   1.001241e+00

After 3 iterations the fit converged.
final sum of squares of residuals : 1.1818e+09
rel. change during last iteration : -1.28299e-06

degrees of freedom    (FIT_NDF)                        : 8
rms of residuals      (FIT_STDFIT) = sqrt(WSSR/ndf)    : 12154.2
variance of residuals (reduced chisquare) = WSSR/ndf   : 1.47725e+08

Final set of parameters            Asymptotic Standard Error
=======================            ==========================
c               = 0.182244         +/- 0.01338      (7.343%)
d               = 1.00124          +/- 8303         (8.293e+05%)

correlation matrix of the fit parameters:
                c      d      
c               1.000 
d              -0.886  1.000 


*******************************************************************************
Tue May 28 16:01:51 2024


FIT:    data read from "output.csv" using 1:3
        format = x:z
        #datapoints = 10
        residuals are weighted equally (unit weight)

function used for fitting: f(x)
	f(x) = a*x+b
fitted parameters initialized with current variable values

iter      chisq       delta/lim  lambda   a             b            
   0 6.8698341466e+10   0.00e+00  2.23e+05    5.092922e-01   9.893389e-01
   1 6.8698341465e+10  -2.36e-06  2.23e+04    5.092922e-01   9.893350e-01

After 1 iterations the fit converged.
final sum of squares of residuals : 6.86983e+10
rel. change during last iteration : -2.3555e-11

degrees of freedom    (FIT_NDF)                        : 8
rms of residuals      (FIT_STDFIT) = sqrt(WSSR/ndf)    : 92667.6
variance of residuals (reduced chisquare) = WSSR/ndf   : 8.58729e+09

Final set of parameters            Asymptotic Standard Error
=======================            ==========================
a               = 0.509292         +/- 0.102        (20.03%)
b               = 0.989335         +/- 6.33e+04     (6.399e+06%)

correlation matrix of the fit parameters:
                a      b      
a               1.000 
b              -0.886  1.000 


*******************************************************************************
Tue May 28 16:02:13 2024


FIT:    data read from "output.csv" using 1:4
        format = x:z
        #datapoints = 10
        residuals are weighted equally (unit weight)

function used for fitting: g(x)
	g(x) = c*x+d
fitted parameters initialized with current variable values

iter      chisq       delta/lim  lambda   c             d            
   0 1.1818000643e+09   0.00e+00  8.00e+04    1.822439e-01   1.001241e+00
   1 1.1818000641e+09  -1.49e-05  8.00e+03    1.822439e-01   1.001244e+00

After 1 iterations the fit converged.
final sum of squares of residuals : 1.1818e+09
rel. change during last iteration : -1.48586e-10

degrees of freedom    (FIT_NDF)                        : 8
rms of residuals      (FIT_STDFIT) = sqrt(WSSR/ndf)    : 12154.2
variance of residuals (reduced chisquare) = WSSR/ndf   : 1.47725e+08

Final set of parameters            Asymptotic Standard Error
=======================            ==========================
c               = 0.182244         +/- 0.01338      (7.343%)
d               = 1.00124          +/- 8303         (8.293e+05%)

correlation matrix of the fit parameters:
                c      d      
c               1.000 
d              -0.886  1.000 


*******************************************************************************
Tue May 28 16:08:21 2024


FIT:    data read from "output.csv" using 1:3
        format = x:z
        #datapoints = 10
        residuals are weighted equally (unit weight)

function used for fitting: f(x)
	f(x) = a*x+b
fitted parameters initialized with current variable values

iter      chisq       delta/lim  lambda   a             b            
   0 5.9124916588e+10   0.00e+00  2.23e+05    5.092922e-01   9.893350e-01
   3 5.8585450829e+10  -2.37e-02  2.23e+02    4.974551e-01   9.520850e-01

After 3 iterations the fit converged.
final sum of squares of residuals : 5.85855e+10
rel. change during last iteration : -2.36837e-07

degrees of freedom    (FIT_NDF)                        : 8
rms of residuals      (FIT_STDFIT) = sqrt(WSSR/ndf)    : 85575.6
variance of residuals (reduced chisquare) = WSSR/ndf   : 7.32318e+09

Final set of parameters            Asymptotic Standard Error
=======================            ==========================
a               = 0.497455         +/- 0.09422      (18.94%)
b               = 0.952085         +/- 5.846e+04    (6.14e+06%)

correlation matrix of the fit parameters:
                a      b      
a               1.000 
b              -0.886  1.000 
